<?xml version="1.0" encoding="UTF-8"?>
<!-- Generated by org.testng.reporters.JUnitXMLReporter -->
<testsuite hostname="DESKTOP-FLB2E45" ignored="0" name="Test" tests="3" failures="1" timestamp="24 Jan 2022 06:57:10 GMT" time="84.756" errors="0">
  <testcase name="testValidlogin" time="15.555" classname="scripts.Validlogin"/>
  <testcase name="testInvalidlogin" time="2.599" classname="scripts.Invalidlogin"/>
  <testcase name="testVerifyhomepage" time="11.041" classname="scripts.VerifyHomePage">
    <failure type="java.lang.AssertionError" message="expected [true] but found [false]">
      <![CDATA[java.lang.AssertionError: expected [true] but found [false]
at scripts.VerifyHomePage.testVerifyhomepage(VerifyHomePage.java:29)
... Removed 35 stack frames]]>
    </failure>
  </testcase> <!-- testVerifyhomepage -->
</testsuite> <!-- Test -->
