-------------------------------------------------------------------------------
Test set: TestSuite
-------------------------------------------------------------------------------
Tests run: 3, Failures: 1, Errors: 0, Skipped: 0, Time elapsed: 89.427 s <<< FAILURE! - in TestSuite
scripts.VerifyHomePage.testVerifyhomepage  Time elapsed: 11.034 s  <<< FAILURE!
java.lang.AssertionError: expected [true] but found [false]
	at scripts.VerifyHomePage.testVerifyhomepage(VerifyHomePage.java:29)

