<?xml version="1.0" encoding="UTF-8"?>
<!-- Generated by org.testng.reporters.JUnitXMLReporter -->
<testsuite hostname="DESKTOP-FLB2E45" ignored="0" name="Test" tests="3" failures="1" timestamp="23 Jan 2022 08:55:32 GMT" time="62.979" errors="0">
  <testcase name="testValidlogin" time="9.37" classname="scripts.Validlogin"/>
  <testcase name="testInvalidlogin" time="2.373" classname="scripts.Invalidlogin"/>
  <testcase name="testVerifyhomepage" time="10.431" classname="scripts.VerifyHomePage">
    <failure type="java.lang.AssertionError" message="expected [true] but found [false]">
      <![CDATA[java.lang.AssertionError: expected [true] but found [false]
at scripts.VerifyHomePage.testVerifyhomepage(VerifyHomePage.java:29)
... Removed 31 stack frames]]>
    </failure>
  </testcase> <!-- testVerifyhomepage -->
</testsuite> <!-- Test -->
